[15:26:47] [ServerMain/INFO]: Environment: Environment[sessionHost=https://sessionserver.mojang.com, servicesHost=https://api.minecraftservices.com, name=PROD]
[15:26:48] [ServerMain/INFO]: No existing world data, creating new world
[15:26:49] [ServerMain/INFO]: Loaded 1290 recipes
[15:26:49] [ServerMain/INFO]: Loaded 1399 advancements
[15:26:50] [Server thread/INFO]: Starting minecraft server version 1.21.1
[15:26:50] [Server thread/INFO]: Loading properties
[15:26:50] [Server thread/INFO]: Default game type: SURVIVAL
[15:26:50] [Server thread/INFO]: Generating keypair
[15:26:50] [Server thread/INFO]: Starting Minecraft server on *:25565
[15:26:50] [Server thread/INFO]: Using epoll channel type
[15:26:50] [Server thread/WARN]: **** SERVER IS RUNNING IN OFFLINE/INSECURE MODE!
[15:26:50] [Server thread/WARN]: The server will make no attempt to authenticate usernames. Beware.
[15:26:50] [Server thread/WARN]: While this makes the game possible to play without internet access, it also opens up the ability for hackers to connect with any username they choose.
[15:26:50] [Server thread/WARN]: To change this, set "online-mode" to "true" in the server.properties file.
[15:26:50] [Server thread/INFO]: Preparing level "world"
[15:26:55] [Server thread/INFO]: Preparing start region for dimension minecraft:overworld
[15:26:55] [Worker-Main-3/INFO]: Preparing spawn area: 2%
[15:26:56] [Worker-Main-1/INFO]: Preparing spawn area: 2%
[15:26:56] [Worker-Main-3/INFO]: Preparing spawn area: 2%
[15:26:57] [Worker-Main-1/INFO]: Preparing spawn area: 2%
[15:26:57] [Worker-Main-3/INFO]: Preparing spawn area: 2%
[15:26:57] [Worker-Main-1/INFO]: Preparing spawn area: 18%
[15:26:58] [Worker-Main-3/INFO]: Preparing spawn area: 18%
[15:26:58] [Worker-Main-1/INFO]: Preparing spawn area: 18%
[15:26:59] [Worker-Main-1/INFO]: Preparing spawn area: 18%
[15:26:59] [Worker-Main-2/INFO]: Preparing spawn area: 51%
[15:27:00] [Worker-Main-1/INFO]: Preparing spawn area: 51%
[15:27:00] [Worker-Main-3/INFO]: Preparing spawn area: 51%
[15:27:01] [Server thread/INFO]: Time elapsed: 5738 ms
[15:27:01] [Server thread/INFO]: Done (10.823s)! For help, type "help"
